<?xml version="1.0" encoding="UTF-8"?>
<!-- Generated by org.testng.reporters.JUnitXMLReporter -->
<testsuite hostname="2210-BGR" ignored="0" name="Test3 Negative- unsuccess login" tests="2" failures="1" timestamp="02 Oct 2019 10:41:00 GMT" time="7.604" errors="0">
  <testcase name="testSuccessLogin" time="0.0" classname="POM_tests.Test1">
    <failure type="org.testng.TestNGException" message="
Parameter &amp;apos;Username&amp;apos; is required by @Test on method testSuccessLogin but has not been marked @Optional or defined
in C:\Users\PlamenTanev\Desktop\svn\eclipse-workspace\SETraining2\src\Utilities\testng-parameters.xml">
      <![CDATA[org.testng.TestNGException: 
Parameter 'Username' is required by @Test on method testSuccessLogin but has not been marked @Optional or defined
in C:\Users\PlamenTanev\Desktop\svn\eclipse-workspace\SETraining2\src\Utilities\testng-parameters.xml
... Removed 24 stack frames]]>
    </failure>
  </testcase> <!-- testSuccessLogin -->
  <testcase name="testUnsuccessLogin" time="1.256" classname="POM_tests.Test1"/>
</testsuite> <!-- Test3 Negative- unsuccess login -->
